<?xml version="1.0" encoding="UTF-8"?>
<!-- Generated by org.testng.reporters.JUnitXMLReporter -->
<testsuite hostname="SudheerReddy" ignored="6" name="Default test" tests="1" failures="0" timestamp="11 Aug 2018 02:00:19 GMT" time="2.96" errors="0">
  <testcase name="PostRequestUsingJSONObject2" time="2.921" classname="com.restapi.RestAPI"/>
  <testcase name="restAPI" time="0.0" classname="com.restapi.RestAPI">
    <ignored/>
  </testcase> <!-- restAPI -->
  <testcase name="validateHeaders" time="0.0" classname="com.restapi.RestAPI">
    <ignored/>
  </testcase> <!-- validateHeaders -->
  <testcase name="getStatusCode" time="0.0" classname="com.restapi.RestAPI">
    <ignored/>
  </testcase> <!-- getStatusCode -->
  <testcase name="GetJsonPath" time="0.0" classname="com.restapi.RestAPI">
    <ignored/>
  </testcase> <!-- GetJsonPath -->
  <testcase name="PostRequestUsingJSONObject" time="0.0" classname="com.restapi.RestAPI">
    <ignored/>
  </testcase> <!-- PostRequestUsingJSONObject -->
  <testcase name="GetBody" time="0.0" classname="com.restapi.RestAPI">
    <ignored/>
  </testcase> <!-- GetBody -->
</testsuite> <!-- Default test -->
